DEB [20190303-18:34:19.087] thr=1   paramiko.transport: starting thread (client mode): 0x8e459810L
DEB [20190303-18:34:19.087] thr=1   paramiko.transport: Local version/idstring: SSH-2.0-paramiko_2.4.2
DEB [20190303-18:34:19.096] thr=1   paramiko.transport: Remote version/idstring: SSH-2.0-OpenSSH_7.2p2 Ubuntu-4ubuntu2.7
INF [20190303-18:34:19.096] thr=1   paramiko.transport: Connected (version 2.0, client OpenSSH_7.2p2)
DEB [20190303-18:34:19.102] thr=1   paramiko.transport: kex algos:[u'curve25519-sha256@libssh.org', u'ecdh-sha2-nistp256', u'ecdh-sha2-nistp384', u'ecdh-sha2-nistp521', u'diffie-hellman-group-exchange-sha256', u'diffie-hellman-group14-sha1'] server key:[u'ssh-rsa', u'rsa-sha2-512', u'rsa-sha2-256', u'ecdsa-sha2-nistp256', u'ssh-ed25519'] client encrypt:[u'chacha20-poly1305@openssh.com', u'aes128-ctr', u'aes192-ctr', u'aes256-ctr', u'aes128-gcm@openssh.com', u'aes256-gcm@openssh.com'] server encrypt:[u'chacha20-poly1305@openssh.com', u'aes128-ctr', u'aes192-ctr', u'aes256-ctr', u'aes128-gcm@openssh.com', u'aes256-gcm@openssh.com'] client mac:[u'umac-64-etm@openssh.com', u'umac-128-etm@openssh.com', u'hmac-sha2-256-etm@openssh.com', u'hmac-sha2-512-etm@openssh.com', u'hmac-sha1-etm@openssh.com', u'umac-64@openssh.com', u'umac-128@openssh.com', u'hmac-sha2-256', u'hmac-sha2-512', u'hmac-sha1'] server mac:[u'umac-64-etm@openssh.com', u'umac-128-etm@openssh.com', u'hmac-sha2-256-etm@openssh.com', u'hmac-sha2-512-etm@openssh.com', u'hmac-sha1-etm@openssh.com', u'umac-64@openssh.com', u'umac-128@openssh.com', u'hmac-sha2-256', u'hmac-sha2-512', u'hmac-sha1'] client compress:[u'none', u'zlib@openssh.com'] server compress:[u'none', u'zlib@openssh.com'] client lang:[u''] server lang:[u''] kex follows?False
DEB [20190303-18:34:19.102] thr=1   paramiko.transport: Kex agreed: ecdh-sha2-nistp256
DEB [20190303-18:34:19.102] thr=1   paramiko.transport: HostKey agreed: ecdsa-sha2-nistp256
DEB [20190303-18:34:19.102] thr=1   paramiko.transport: Cipher agreed: aes128-ctr
DEB [20190303-18:34:19.102] thr=1   paramiko.transport: MAC agreed: hmac-sha2-256
DEB [20190303-18:34:19.102] thr=1   paramiko.transport: Compression agreed: none
DEB [20190303-18:34:19.108] thr=1   paramiko.transport: kex engine KexNistp256 specified hash_algo <built-in function openssl_sha256>
DEB [20190303-18:34:19.108] thr=1   paramiko.transport: Switch to new keys ...
DEB [20190303-18:34:19.116] thr=1   paramiko.transport: userauth is OK
INF [20190303-18:34:25.948] thr=1   paramiko.transport: Authentication (password) successful!
DEB [20190303-18:34:25.966] thr=2   paramiko.transport: [chan 0] Max packet in: 32768 bytes
DEB [20190303-18:34:26.118] thr=1   paramiko.transport: Received global request "hostkeys-00@openssh.com"
DEB [20190303-18:34:26.118] thr=1   paramiko.transport: Rejecting "hostkeys-00@openssh.com" global request from server.
DEB [20190303-18:34:26.163] thr=1   paramiko.transport: [chan 0] Max packet out: 32768 bytes
DEB [20190303-18:34:26.166] thr=1   paramiko.transport: Secsh channel 0 opened.
DEB [20190303-18:34:26.171] thr=1   paramiko.transport: [chan 0] Sesch channel 0 request ok
DEB [20190303-18:34:26.183] thr=2   paramiko.transport: [chan 0] EOF sent (0)
DEB [20190303-18:34:31.822] thr=1   paramiko.transport: EOF in transport thread
DEB [20190303-18:35:02.432] thr=1   paramiko.transport: starting thread (client mode): 0x37a6d7d0L
DEB [20190303-18:35:02.433] thr=1   paramiko.transport: Local version/idstring: SSH-2.0-paramiko_2.4.2
DEB [20190303-18:35:02.442] thr=1   paramiko.transport: Remote version/idstring: SSH-2.0-OpenSSH_7.2p2 Ubuntu-4ubuntu2.7
INF [20190303-18:35:02.442] thr=1   paramiko.transport: Connected (version 2.0, client OpenSSH_7.2p2)
DEB [20190303-18:35:02.448] thr=1   paramiko.transport: kex algos:[u'curve25519-sha256@libssh.org', u'ecdh-sha2-nistp256', u'ecdh-sha2-nistp384', u'ecdh-sha2-nistp521', u'diffie-hellman-group-exchange-sha256', u'diffie-hellman-group14-sha1'] server key:[u'ssh-rsa', u'rsa-sha2-512', u'rsa-sha2-256', u'ecdsa-sha2-nistp256', u'ssh-ed25519'] client encrypt:[u'chacha20-poly1305@openssh.com', u'aes128-ctr', u'aes192-ctr', u'aes256-ctr', u'aes128-gcm@openssh.com', u'aes256-gcm@openssh.com'] server encrypt:[u'chacha20-poly1305@openssh.com', u'aes128-ctr', u'aes192-ctr', u'aes256-ctr', u'aes128-gcm@openssh.com', u'aes256-gcm@openssh.com'] client mac:[u'umac-64-etm@openssh.com', u'umac-128-etm@openssh.com', u'hmac-sha2-256-etm@openssh.com', u'hmac-sha2-512-etm@openssh.com', u'hmac-sha1-etm@openssh.com', u'umac-64@openssh.com', u'umac-128@openssh.com', u'hmac-sha2-256', u'hmac-sha2-512', u'hmac-sha1'] server mac:[u'umac-64-etm@openssh.com', u'umac-128-etm@openssh.com', u'hmac-sha2-256-etm@openssh.com', u'hmac-sha2-512-etm@openssh.com', u'hmac-sha1-etm@openssh.com', u'umac-64@openssh.com', u'umac-128@openssh.com', u'hmac-sha2-256', u'hmac-sha2-512', u'hmac-sha1'] client compress:[u'none', u'zlib@openssh.com'] server compress:[u'none', u'zlib@openssh.com'] client lang:[u''] server lang:[u''] kex follows?False
DEB [20190303-18:35:02.448] thr=1   paramiko.transport: Kex agreed: ecdh-sha2-nistp256
DEB [20190303-18:35:02.448] thr=1   paramiko.transport: HostKey agreed: ecdsa-sha2-nistp256
DEB [20190303-18:35:02.448] thr=1   paramiko.transport: Cipher agreed: aes128-ctr
DEB [20190303-18:35:02.448] thr=1   paramiko.transport: MAC agreed: hmac-sha2-256
DEB [20190303-18:35:02.448] thr=1   paramiko.transport: Compression agreed: none
DEB [20190303-18:35:02.454] thr=1   paramiko.transport: kex engine KexNistp256 specified hash_algo <built-in function openssl_sha256>
DEB [20190303-18:35:02.455] thr=1   paramiko.transport: Switch to new keys ...
DEB [20190303-18:35:02.475] thr=1   paramiko.transport: userauth is OK
INF [20190303-18:35:04.854] thr=1   paramiko.transport: Authentication (password) failed.
DEB [20190303-18:35:04.955] thr=1   paramiko.transport: EOF in transport thread
DEB [20190303-18:35:17.777] thr=1   paramiko.transport: starting thread (client mode): 0x7d4677d0L
DEB [20190303-18:35:17.777] thr=1   paramiko.transport: Local version/idstring: SSH-2.0-paramiko_2.4.2
DEB [20190303-18:35:17.787] thr=1   paramiko.transport: Remote version/idstring: SSH-2.0-OpenSSH_7.2p2 Ubuntu-4ubuntu2.7
INF [20190303-18:35:17.787] thr=1   paramiko.transport: Connected (version 2.0, client OpenSSH_7.2p2)
DEB [20190303-18:35:17.793] thr=1   paramiko.transport: kex algos:[u'curve25519-sha256@libssh.org', u'ecdh-sha2-nistp256', u'ecdh-sha2-nistp384', u'ecdh-sha2-nistp521', u'diffie-hellman-group-exchange-sha256', u'diffie-hellman-group14-sha1'] server key:[u'ssh-rsa', u'rsa-sha2-512', u'rsa-sha2-256', u'ecdsa-sha2-nistp256', u'ssh-ed25519'] client encrypt:[u'chacha20-poly1305@openssh.com', u'aes128-ctr', u'aes192-ctr', u'aes256-ctr', u'aes128-gcm@openssh.com', u'aes256-gcm@openssh.com'] server encrypt:[u'chacha20-poly1305@openssh.com', u'aes128-ctr', u'aes192-ctr', u'aes256-ctr', u'aes128-gcm@openssh.com', u'aes256-gcm@openssh.com'] client mac:[u'umac-64-etm@openssh.com', u'umac-128-etm@openssh.com', u'hmac-sha2-256-etm@openssh.com', u'hmac-sha2-512-etm@openssh.com', u'hmac-sha1-etm@openssh.com', u'umac-64@openssh.com', u'umac-128@openssh.com', u'hmac-sha2-256', u'hmac-sha2-512', u'hmac-sha1'] server mac:[u'umac-64-etm@openssh.com', u'umac-128-etm@openssh.com', u'hmac-sha2-256-etm@openssh.com', u'hmac-sha2-512-etm@openssh.com', u'hmac-sha1-etm@openssh.com', u'umac-64@openssh.com', u'umac-128@openssh.com', u'hmac-sha2-256', u'hmac-sha2-512', u'hmac-sha1'] client compress:[u'none', u'zlib@openssh.com'] server compress:[u'none', u'zlib@openssh.com'] client lang:[u''] server lang:[u''] kex follows?False
DEB [20190303-18:35:17.793] thr=1   paramiko.transport: Kex agreed: ecdh-sha2-nistp256
DEB [20190303-18:35:17.793] thr=1   paramiko.transport: HostKey agreed: ecdsa-sha2-nistp256
DEB [20190303-18:35:17.793] thr=1   paramiko.transport: Cipher agreed: aes128-ctr
DEB [20190303-18:35:17.793] thr=1   paramiko.transport: MAC agreed: hmac-sha2-256
DEB [20190303-18:35:17.793] thr=1   paramiko.transport: Compression agreed: none
DEB [20190303-18:35:17.800] thr=1   paramiko.transport: kex engine KexNistp256 specified hash_algo <built-in function openssl_sha256>
DEB [20190303-18:35:17.800] thr=1   paramiko.transport: Switch to new keys ...
DEB [20190303-18:35:17.819] thr=1   paramiko.transport: userauth is OK
INF [20190303-18:35:18.216] thr=1   paramiko.transport: Authentication (password) successful!
DEB [20190303-18:35:18.225] thr=2   paramiko.transport: [chan 0] Max packet in: 32768 bytes
DEB [20190303-18:35:18.389] thr=1   paramiko.transport: Received global request "hostkeys-00@openssh.com"
DEB [20190303-18:35:18.389] thr=1   paramiko.transport: Rejecting "hostkeys-00@openssh.com" global request from server.
DEB [20190303-18:35:18.432] thr=1   paramiko.transport: [chan 0] Max packet out: 32768 bytes
DEB [20190303-18:35:18.432] thr=1   paramiko.transport: Secsh channel 0 opened.
DEB [20190303-18:35:18.439] thr=1   paramiko.transport: [chan 0] Sesch channel 0 request ok
DEB [20190303-18:35:18.463] thr=2   paramiko.transport: [chan 0] EOF sent (0)
DEB [20190303-18:35:18.466] thr=1   paramiko.transport: EOF in transport thread
DEB [20190303-18:49:14.694] thr=1   paramiko.transport: starting thread (client mode): 0x13c5c810L
DEB [20190303-18:49:14.695] thr=1   paramiko.transport: Local version/idstring: SSH-2.0-paramiko_2.4.2
DEB [20190303-18:49:14.704] thr=1   paramiko.transport: Remote version/idstring: SSH-2.0-OpenSSH_7.2p2 Ubuntu-4ubuntu2.7
INF [20190303-18:49:14.705] thr=1   paramiko.transport: Connected (version 2.0, client OpenSSH_7.2p2)
DEB [20190303-18:49:14.710] thr=1   paramiko.transport: kex algos:[u'curve25519-sha256@libssh.org', u'ecdh-sha2-nistp256', u'ecdh-sha2-nistp384', u'ecdh-sha2-nistp521', u'diffie-hellman-group-exchange-sha256', u'diffie-hellman-group14-sha1'] server key:[u'ssh-rsa', u'rsa-sha2-512', u'rsa-sha2-256', u'ecdsa-sha2-nistp256', u'ssh-ed25519'] client encrypt:[u'chacha20-poly1305@openssh.com', u'aes128-ctr', u'aes192-ctr', u'aes256-ctr', u'aes128-gcm@openssh.com', u'aes256-gcm@openssh.com'] server encrypt:[u'chacha20-poly1305@openssh.com', u'aes128-ctr', u'aes192-ctr', u'aes256-ctr', u'aes128-gcm@openssh.com', u'aes256-gcm@openssh.com'] client mac:[u'umac-64-etm@openssh.com', u'umac-128-etm@openssh.com', u'hmac-sha2-256-etm@openssh.com', u'hmac-sha2-512-etm@openssh.com', u'hmac-sha1-etm@openssh.com', u'umac-64@openssh.com', u'umac-128@openssh.com', u'hmac-sha2-256', u'hmac-sha2-512', u'hmac-sha1'] server mac:[u'umac-64-etm@openssh.com', u'umac-128-etm@openssh.com', u'hmac-sha2-256-etm@openssh.com', u'hmac-sha2-512-etm@openssh.com', u'hmac-sha1-etm@openssh.com', u'umac-64@openssh.com', u'umac-128@openssh.com', u'hmac-sha2-256', u'hmac-sha2-512', u'hmac-sha1'] client compress:[u'none', u'zlib@openssh.com'] server compress:[u'none', u'zlib@openssh.com'] client lang:[u''] server lang:[u''] kex follows?False
DEB [20190303-18:49:14.710] thr=1   paramiko.transport: Kex agreed: ecdh-sha2-nistp256
DEB [20190303-18:49:14.710] thr=1   paramiko.transport: HostKey agreed: ecdsa-sha2-nistp256
DEB [20190303-18:49:14.711] thr=1   paramiko.transport: Cipher agreed: aes128-ctr
DEB [20190303-18:49:14.711] thr=1   paramiko.transport: MAC agreed: hmac-sha2-256
DEB [20190303-18:49:14.711] thr=1   paramiko.transport: Compression agreed: none
DEB [20190303-18:49:14.718] thr=1   paramiko.transport: kex engine KexNistp256 specified hash_algo <built-in function openssl_sha256>
DEB [20190303-18:49:14.718] thr=1   paramiko.transport: Switch to new keys ...
DEB [20190303-18:49:14.733] thr=1   paramiko.transport: userauth is OK
INF [20190303-18:49:14.839] thr=1   paramiko.transport: Authentication (password) successful!
DEB [20190303-18:49:14.840] thr=2   paramiko.transport: [chan 0] Max packet in: 32768 bytes
DEB [20190303-18:49:15.003] thr=1   paramiko.transport: Received global request "hostkeys-00@openssh.com"
DEB [20190303-18:49:15.003] thr=1   paramiko.transport: Rejecting "hostkeys-00@openssh.com" global request from server.
DEB [20190303-18:49:15.046] thr=1   paramiko.transport: [chan 0] Max packet out: 32768 bytes
DEB [20190303-18:49:15.046] thr=1   paramiko.transport: Secsh channel 0 opened.
DEB [20190303-18:49:15.072] thr=1   paramiko.transport: [chan 0] Sesch channel 0 request ok
DEB [20190303-18:49:15.176] thr=1   paramiko.transport: EOF in transport thread
DEB [20190303-18:49:32.454] thr=1   paramiko.transport: starting thread (client mode): 0x8475e810L
DEB [20190303-18:49:32.454] thr=1   paramiko.transport: Local version/idstring: SSH-2.0-paramiko_2.4.2
DEB [20190303-18:49:32.464] thr=1   paramiko.transport: Remote version/idstring: SSH-2.0-OpenSSH_7.2p2 Ubuntu-4ubuntu2.7
INF [20190303-18:49:32.464] thr=1   paramiko.transport: Connected (version 2.0, client OpenSSH_7.2p2)
DEB [20190303-18:49:32.469] thr=1   paramiko.transport: kex algos:[u'curve25519-sha256@libssh.org', u'ecdh-sha2-nistp256', u'ecdh-sha2-nistp384', u'ecdh-sha2-nistp521', u'diffie-hellman-group-exchange-sha256', u'diffie-hellman-group14-sha1'] server key:[u'ssh-rsa', u'rsa-sha2-512', u'rsa-sha2-256', u'ecdsa-sha2-nistp256', u'ssh-ed25519'] client encrypt:[u'chacha20-poly1305@openssh.com', u'aes128-ctr', u'aes192-ctr', u'aes256-ctr', u'aes128-gcm@openssh.com', u'aes256-gcm@openssh.com'] server encrypt:[u'chacha20-poly1305@openssh.com', u'aes128-ctr', u'aes192-ctr', u'aes256-ctr', u'aes128-gcm@openssh.com', u'aes256-gcm@openssh.com'] client mac:[u'umac-64-etm@openssh.com', u'umac-128-etm@openssh.com', u'hmac-sha2-256-etm@openssh.com', u'hmac-sha2-512-etm@openssh.com', u'hmac-sha1-etm@openssh.com', u'umac-64@openssh.com', u'umac-128@openssh.com', u'hmac-sha2-256', u'hmac-sha2-512', u'hmac-sha1'] server mac:[u'umac-64-etm@openssh.com', u'umac-128-etm@openssh.com', u'hmac-sha2-256-etm@openssh.com', u'hmac-sha2-512-etm@openssh.com', u'hmac-sha1-etm@openssh.com', u'umac-64@openssh.com', u'umac-128@openssh.com', u'hmac-sha2-256', u'hmac-sha2-512', u'hmac-sha1'] client compress:[u'none', u'zlib@openssh.com'] server compress:[u'none', u'zlib@openssh.com'] client lang:[u''] server lang:[u''] kex follows?False
DEB [20190303-18:49:32.469] thr=1   paramiko.transport: Kex agreed: ecdh-sha2-nistp256
DEB [20190303-18:49:32.469] thr=1   paramiko.transport: HostKey agreed: ecdsa-sha2-nistp256
DEB [20190303-18:49:32.470] thr=1   paramiko.transport: Cipher agreed: aes128-ctr
DEB [20190303-18:49:32.470] thr=1   paramiko.transport: MAC agreed: hmac-sha2-256
DEB [20190303-18:49:32.470] thr=1   paramiko.transport: Compression agreed: none
DEB [20190303-18:49:32.476] thr=1   paramiko.transport: kex engine KexNistp256 specified hash_algo <built-in function openssl_sha256>
DEB [20190303-18:49:32.477] thr=1   paramiko.transport: Switch to new keys ...
DEB [20190303-18:49:32.492] thr=1   paramiko.transport: userauth is OK
INF [20190303-18:49:32.629] thr=1   paramiko.transport: Authentication (password) successful!
DEB [20190303-18:49:32.656] thr=2   paramiko.transport: [chan 0] Max packet in: 32768 bytes
DEB [20190303-18:49:32.797] thr=1   paramiko.transport: Received global request "hostkeys-00@openssh.com"
DEB [20190303-18:49:32.797] thr=1   paramiko.transport: Rejecting "hostkeys-00@openssh.com" global request from server.
DEB [20190303-18:49:32.840] thr=1   paramiko.transport: [chan 0] Max packet out: 32768 bytes
DEB [20190303-18:49:32.840] thr=1   paramiko.transport: Secsh channel 0 opened.
DEB [20190303-18:49:32.870] thr=1   paramiko.transport: [chan 0] Sesch channel 0 request ok
DEB [20190303-18:49:32.973] thr=1   paramiko.transport: EOF in transport thread
DEB [20190303-18:49:58.580] thr=1   paramiko.transport: starting thread (client mode): 0x2e3407d0L
DEB [20190303-18:49:58.580] thr=1   paramiko.transport: Local version/idstring: SSH-2.0-paramiko_2.4.2
DEB [20190303-18:49:58.592] thr=1   paramiko.transport: Remote version/idstring: SSH-2.0-OpenSSH_7.2p2 Ubuntu-4ubuntu2.7
INF [20190303-18:49:58.592] thr=1   paramiko.transport: Connected (version 2.0, client OpenSSH_7.2p2)
DEB [20190303-18:49:58.597] thr=1   paramiko.transport: kex algos:[u'curve25519-sha256@libssh.org', u'ecdh-sha2-nistp256', u'ecdh-sha2-nistp384', u'ecdh-sha2-nistp521', u'diffie-hellman-group-exchange-sha256', u'diffie-hellman-group14-sha1'] server key:[u'ssh-rsa', u'rsa-sha2-512', u'rsa-sha2-256', u'ecdsa-sha2-nistp256', u'ssh-ed25519'] client encrypt:[u'chacha20-poly1305@openssh.com', u'aes128-ctr', u'aes192-ctr', u'aes256-ctr', u'aes128-gcm@openssh.com', u'aes256-gcm@openssh.com'] server encrypt:[u'chacha20-poly1305@openssh.com', u'aes128-ctr', u'aes192-ctr', u'aes256-ctr', u'aes128-gcm@openssh.com', u'aes256-gcm@openssh.com'] client mac:[u'umac-64-etm@openssh.com', u'umac-128-etm@openssh.com', u'hmac-sha2-256-etm@openssh.com', u'hmac-sha2-512-etm@openssh.com', u'hmac-sha1-etm@openssh.com', u'umac-64@openssh.com', u'umac-128@openssh.com', u'hmac-sha2-256', u'hmac-sha2-512', u'hmac-sha1'] server mac:[u'umac-64-etm@openssh.com', u'umac-128-etm@openssh.com', u'hmac-sha2-256-etm@openssh.com', u'hmac-sha2-512-etm@openssh.com', u'hmac-sha1-etm@openssh.com', u'umac-64@openssh.com', u'umac-128@openssh.com', u'hmac-sha2-256', u'hmac-sha2-512', u'hmac-sha1'] client compress:[u'none', u'zlib@openssh.com'] server compress:[u'none', u'zlib@openssh.com'] client lang:[u''] server lang:[u''] kex follows?False
DEB [20190303-18:49:58.597] thr=1   paramiko.transport: Kex agreed: ecdh-sha2-nistp256
DEB [20190303-18:49:58.597] thr=1   paramiko.transport: HostKey agreed: ecdsa-sha2-nistp256
DEB [20190303-18:49:58.597] thr=1   paramiko.transport: Cipher agreed: aes128-ctr
DEB [20190303-18:49:58.598] thr=1   paramiko.transport: MAC agreed: hmac-sha2-256
DEB [20190303-18:49:58.598] thr=1   paramiko.transport: Compression agreed: none
DEB [20190303-18:49:58.605] thr=1   paramiko.transport: kex engine KexNistp256 specified hash_algo <built-in function openssl_sha256>
DEB [20190303-18:49:58.606] thr=1   paramiko.transport: Switch to new keys ...
DEB [20190303-18:49:58.621] thr=1   paramiko.transport: userauth is OK
INF [20190303-18:49:58.753] thr=1   paramiko.transport: Authentication (password) successful!
DEB [20190303-18:49:58.855] thr=1   paramiko.transport: EOF in transport thread
DEB [20190303-18:50:19.769] thr=1   paramiko.transport: starting thread (client mode): 0xc54a27d0L
DEB [20190303-18:50:19.770] thr=1   paramiko.transport: Local version/idstring: SSH-2.0-paramiko_2.4.2
DEB [20190303-18:50:19.778] thr=1   paramiko.transport: Remote version/idstring: SSH-2.0-OpenSSH_7.2p2 Ubuntu-4ubuntu2.7
INF [20190303-18:50:19.779] thr=1   paramiko.transport: Connected (version 2.0, client OpenSSH_7.2p2)
DEB [20190303-18:50:19.784] thr=1   paramiko.transport: kex algos:[u'curve25519-sha256@libssh.org', u'ecdh-sha2-nistp256', u'ecdh-sha2-nistp384', u'ecdh-sha2-nistp521', u'diffie-hellman-group-exchange-sha256', u'diffie-hellman-group14-sha1'] server key:[u'ssh-rsa', u'rsa-sha2-512', u'rsa-sha2-256', u'ecdsa-sha2-nistp256', u'ssh-ed25519'] client encrypt:[u'chacha20-poly1305@openssh.com', u'aes128-ctr', u'aes192-ctr', u'aes256-ctr', u'aes128-gcm@openssh.com', u'aes256-gcm@openssh.com'] server encrypt:[u'chacha20-poly1305@openssh.com', u'aes128-ctr', u'aes192-ctr', u'aes256-ctr', u'aes128-gcm@openssh.com', u'aes256-gcm@openssh.com'] client mac:[u'umac-64-etm@openssh.com', u'umac-128-etm@openssh.com', u'hmac-sha2-256-etm@openssh.com', u'hmac-sha2-512-etm@openssh.com', u'hmac-sha1-etm@openssh.com', u'umac-64@openssh.com', u'umac-128@openssh.com', u'hmac-sha2-256', u'hmac-sha2-512', u'hmac-sha1'] server mac:[u'umac-64-etm@openssh.com', u'umac-128-etm@openssh.com', u'hmac-sha2-256-etm@openssh.com', u'hmac-sha2-512-etm@openssh.com', u'hmac-sha1-etm@openssh.com', u'umac-64@openssh.com', u'umac-128@openssh.com', u'hmac-sha2-256', u'hmac-sha2-512', u'hmac-sha1'] client compress:[u'none', u'zlib@openssh.com'] server compress:[u'none', u'zlib@openssh.com'] client lang:[u''] server lang:[u''] kex follows?False
DEB [20190303-18:50:19.784] thr=1   paramiko.transport: Kex agreed: ecdh-sha2-nistp256
DEB [20190303-18:50:19.784] thr=1   paramiko.transport: HostKey agreed: ecdsa-sha2-nistp256
DEB [20190303-18:50:19.784] thr=1   paramiko.transport: Cipher agreed: aes128-ctr
DEB [20190303-18:50:19.784] thr=1   paramiko.transport: MAC agreed: hmac-sha2-256
DEB [20190303-18:50:19.784] thr=1   paramiko.transport: Compression agreed: none
DEB [20190303-18:50:19.791] thr=1   paramiko.transport: kex engine KexNistp256 specified hash_algo <built-in function openssl_sha256>
DEB [20190303-18:50:19.791] thr=1   paramiko.transport: Switch to new keys ...
DEB [20190303-18:50:19.807] thr=1   paramiko.transport: userauth is OK
INF [20190303-18:50:19.879] thr=1   paramiko.transport: Authentication (password) successful!
DEB [20190303-18:50:19.904] thr=2   paramiko.transport: [chan 0] Max packet in: 32768 bytes
DEB [20190303-18:50:20.042] thr=1   paramiko.transport: Received global request "hostkeys-00@openssh.com"
DEB [20190303-18:50:20.042] thr=1   paramiko.transport: Rejecting "hostkeys-00@openssh.com" global request from server.
DEB [20190303-18:50:20.085] thr=1   paramiko.transport: [chan 0] Max packet out: 32768 bytes
DEB [20190303-18:50:20.085] thr=1   paramiko.transport: Secsh channel 0 opened.
DEB [20190303-18:50:20.117] thr=1   paramiko.transport: [chan 0] Sesch channel 0 request ok
DEB [20190303-18:50:20.131] thr=2   paramiko.transport: [chan 0] EOF sent (0)
DEB [20190303-18:50:20.135] thr=1   paramiko.transport: EOF in transport thread
DEB [20190303-18:50:31.628] thr=1   paramiko.transport: starting thread (client mode): 0x2e9587d0L
DEB [20190303-18:50:31.629] thr=1   paramiko.transport: Local version/idstring: SSH-2.0-paramiko_2.4.2
DEB [20190303-18:50:31.638] thr=1   paramiko.transport: Remote version/idstring: SSH-2.0-OpenSSH_7.2p2 Ubuntu-4ubuntu2.7
INF [20190303-18:50:31.638] thr=1   paramiko.transport: Connected (version 2.0, client OpenSSH_7.2p2)
DEB [20190303-18:50:31.644] thr=1   paramiko.transport: kex algos:[u'curve25519-sha256@libssh.org', u'ecdh-sha2-nistp256', u'ecdh-sha2-nistp384', u'ecdh-sha2-nistp521', u'diffie-hellman-group-exchange-sha256', u'diffie-hellman-group14-sha1'] server key:[u'ssh-rsa', u'rsa-sha2-512', u'rsa-sha2-256', u'ecdsa-sha2-nistp256', u'ssh-ed25519'] client encrypt:[u'chacha20-poly1305@openssh.com', u'aes128-ctr', u'aes192-ctr', u'aes256-ctr', u'aes128-gcm@openssh.com', u'aes256-gcm@openssh.com'] server encrypt:[u'chacha20-poly1305@openssh.com', u'aes128-ctr', u'aes192-ctr', u'aes256-ctr', u'aes128-gcm@openssh.com', u'aes256-gcm@openssh.com'] client mac:[u'umac-64-etm@openssh.com', u'umac-128-etm@openssh.com', u'hmac-sha2-256-etm@openssh.com', u'hmac-sha2-512-etm@openssh.com', u'hmac-sha1-etm@openssh.com', u'umac-64@openssh.com', u'umac-128@openssh.com', u'hmac-sha2-256', u'hmac-sha2-512', u'hmac-sha1'] server mac:[u'umac-64-etm@openssh.com', u'umac-128-etm@openssh.com', u'hmac-sha2-256-etm@openssh.com', u'hmac-sha2-512-etm@openssh.com', u'hmac-sha1-etm@openssh.com', u'umac-64@openssh.com', u'umac-128@openssh.com', u'hmac-sha2-256', u'hmac-sha2-512', u'hmac-sha1'] client compress:[u'none', u'zlib@openssh.com'] server compress:[u'none', u'zlib@openssh.com'] client lang:[u''] server lang:[u''] kex follows?False
DEB [20190303-18:50:31.644] thr=1   paramiko.transport: Kex agreed: ecdh-sha2-nistp256
DEB [20190303-18:50:31.644] thr=1   paramiko.transport: HostKey agreed: ecdsa-sha2-nistp256
DEB [20190303-18:50:31.644] thr=1   paramiko.transport: Cipher agreed: aes128-ctr
DEB [20190303-18:50:31.644] thr=1   paramiko.transport: MAC agreed: hmac-sha2-256
DEB [20190303-18:50:31.644] thr=1   paramiko.transport: Compression agreed: none
DEB [20190303-18:50:31.650] thr=1   paramiko.transport: kex engine KexNistp256 specified hash_algo <built-in function openssl_sha256>
DEB [20190303-18:50:31.650] thr=1   paramiko.transport: Switch to new keys ...
DEB [20190303-18:50:31.667] thr=1   paramiko.transport: userauth is OK
INF [20190303-18:50:31.761] thr=1   paramiko.transport: Authentication (password) successful!
DEB [20190303-18:50:31.765] thr=2   paramiko.transport: [chan 0] Max packet in: 32768 bytes
DEB [20190303-18:50:31.958] thr=1   paramiko.transport: Received global request "hostkeys-00@openssh.com"
DEB [20190303-18:50:31.958] thr=1   paramiko.transport: Rejecting "hostkeys-00@openssh.com" global request from server.
DEB [20190303-18:50:32.001] thr=1   paramiko.transport: [chan 0] Max packet out: 32768 bytes
DEB [20190303-18:50:32.001] thr=1   paramiko.transport: Secsh channel 0 opened.
DEB [20190303-18:50:32.009] thr=1   paramiko.transport: [chan 0] Sesch channel 0 request ok
DEB [20190303-18:50:32.021] thr=2   paramiko.transport: [chan 0] EOF sent (0)
DEB [20190303-18:50:32.025] thr=1   paramiko.transport: EOF in transport thread
DEB [20190303-19:31:08.306] thr=1   paramiko.transport: starting thread (client mode): 0x58755850L
DEB [20190303-19:31:08.306] thr=1   paramiko.transport: Local version/idstring: SSH-2.0-paramiko_2.4.2
DEB [20190303-19:31:08.431] thr=1   paramiko.transport: Remote version/idstring: SSH-2.0-OpenSSH_7.2p2 Ubuntu-4ubuntu2.7
INF [20190303-19:31:08.432] thr=1   paramiko.transport: Connected (version 2.0, client OpenSSH_7.2p2)
DEB [20190303-19:31:08.437] thr=1   paramiko.transport: kex algos:[u'curve25519-sha256@libssh.org', u'ecdh-sha2-nistp256', u'ecdh-sha2-nistp384', u'ecdh-sha2-nistp521', u'diffie-hellman-group-exchange-sha256', u'diffie-hellman-group14-sha1'] server key:[u'ssh-rsa', u'rsa-sha2-512', u'rsa-sha2-256', u'ecdsa-sha2-nistp256', u'ssh-ed25519'] client encrypt:[u'chacha20-poly1305@openssh.com', u'aes128-ctr', u'aes192-ctr', u'aes256-ctr', u'aes128-gcm@openssh.com', u'aes256-gcm@openssh.com'] server encrypt:[u'chacha20-poly1305@openssh.com', u'aes128-ctr', u'aes192-ctr', u'aes256-ctr', u'aes128-gcm@openssh.com', u'aes256-gcm@openssh.com'] client mac:[u'umac-64-etm@openssh.com', u'umac-128-etm@openssh.com', u'hmac-sha2-256-etm@openssh.com', u'hmac-sha2-512-etm@openssh.com', u'hmac-sha1-etm@openssh.com', u'umac-64@openssh.com', u'umac-128@openssh.com', u'hmac-sha2-256', u'hmac-sha2-512', u'hmac-sha1'] server mac:[u'umac-64-etm@openssh.com', u'umac-128-etm@openssh.com', u'hmac-sha2-256-etm@openssh.com', u'hmac-sha2-512-etm@openssh.com', u'hmac-sha1-etm@openssh.com', u'umac-64@openssh.com', u'umac-128@openssh.com', u'hmac-sha2-256', u'hmac-sha2-512', u'hmac-sha1'] client compress:[u'none', u'zlib@openssh.com'] server compress:[u'none', u'zlib@openssh.com'] client lang:[u''] server lang:[u''] kex follows?False
DEB [20190303-19:31:08.437] thr=1   paramiko.transport: Kex agreed: ecdh-sha2-nistp256
DEB [20190303-19:31:08.437] thr=1   paramiko.transport: HostKey agreed: ecdsa-sha2-nistp256
DEB [20190303-19:31:08.437] thr=1   paramiko.transport: Cipher agreed: aes128-ctr
DEB [20190303-19:31:08.438] thr=1   paramiko.transport: MAC agreed: hmac-sha2-256
DEB [20190303-19:31:08.438] thr=1   paramiko.transport: Compression agreed: none
DEB [20190303-19:31:08.444] thr=1   paramiko.transport: kex engine KexNistp256 specified hash_algo <built-in function openssl_sha256>
DEB [20190303-19:31:08.445] thr=1   paramiko.transport: Switch to new keys ...
DEB [20190303-19:31:08.462] thr=1   paramiko.transport: userauth is OK
INF [20190303-19:31:08.597] thr=1   paramiko.transport: Authentication (password) successful!
DEB [20190303-19:31:08.629] thr=2   paramiko.transport: [chan 0] Max packet in: 32768 bytes
DEB [20190303-19:31:08.803] thr=1   paramiko.transport: Received global request "hostkeys-00@openssh.com"
DEB [20190303-19:31:08.803] thr=1   paramiko.transport: Rejecting "hostkeys-00@openssh.com" global request from server.
DEB [20190303-19:31:08.846] thr=1   paramiko.transport: [chan 0] Max packet out: 32768 bytes
DEB [20190303-19:31:08.846] thr=1   paramiko.transport: Secsh channel 0 opened.
DEB [20190303-19:31:08.851] thr=1   paramiko.transport: [chan 0] Sesch channel 0 request ok
DEB [20190303-19:31:08.956] thr=1   paramiko.transport: EOF in transport thread
DEB [20190303-19:32:14.412] thr=1   paramiko.transport: starting thread (client mode): 0xecc86850L
DEB [20190303-19:32:14.413] thr=1   paramiko.transport: Local version/idstring: SSH-2.0-paramiko_2.4.2
DEB [20190303-19:32:14.421] thr=1   paramiko.transport: Remote version/idstring: SSH-2.0-OpenSSH_7.2p2 Ubuntu-4ubuntu2.7
INF [20190303-19:32:14.421] thr=1   paramiko.transport: Connected (version 2.0, client OpenSSH_7.2p2)
DEB [20190303-19:32:14.426] thr=1   paramiko.transport: kex algos:[u'curve25519-sha256@libssh.org', u'ecdh-sha2-nistp256', u'ecdh-sha2-nistp384', u'ecdh-sha2-nistp521', u'diffie-hellman-group-exchange-sha256', u'diffie-hellman-group14-sha1'] server key:[u'ssh-rsa', u'rsa-sha2-512', u'rsa-sha2-256', u'ecdsa-sha2-nistp256', u'ssh-ed25519'] client encrypt:[u'chacha20-poly1305@openssh.com', u'aes128-ctr', u'aes192-ctr', u'aes256-ctr', u'aes128-gcm@openssh.com', u'aes256-gcm@openssh.com'] server encrypt:[u'chacha20-poly1305@openssh.com', u'aes128-ctr', u'aes192-ctr', u'aes256-ctr', u'aes128-gcm@openssh.com', u'aes256-gcm@openssh.com'] client mac:[u'umac-64-etm@openssh.com', u'umac-128-etm@openssh.com', u'hmac-sha2-256-etm@openssh.com', u'hmac-sha2-512-etm@openssh.com', u'hmac-sha1-etm@openssh.com', u'umac-64@openssh.com', u'umac-128@openssh.com', u'hmac-sha2-256', u'hmac-sha2-512', u'hmac-sha1'] server mac:[u'umac-64-etm@openssh.com', u'umac-128-etm@openssh.com', u'hmac-sha2-256-etm@openssh.com', u'hmac-sha2-512-etm@openssh.com', u'hmac-sha1-etm@openssh.com', u'umac-64@openssh.com', u'umac-128@openssh.com', u'hmac-sha2-256', u'hmac-sha2-512', u'hmac-sha1'] client compress:[u'none', u'zlib@openssh.com'] server compress:[u'none', u'zlib@openssh.com'] client lang:[u''] server lang:[u''] kex follows?False
DEB [20190303-19:32:14.426] thr=1   paramiko.transport: Kex agreed: ecdh-sha2-nistp256
DEB [20190303-19:32:14.426] thr=1   paramiko.transport: HostKey agreed: ecdsa-sha2-nistp256
DEB [20190303-19:32:14.426] thr=1   paramiko.transport: Cipher agreed: aes128-ctr
DEB [20190303-19:32:14.427] thr=1   paramiko.transport: MAC agreed: hmac-sha2-256
DEB [20190303-19:32:14.427] thr=1   paramiko.transport: Compression agreed: none
DEB [20190303-19:32:14.434] thr=1   paramiko.transport: kex engine KexNistp256 specified hash_algo <built-in function openssl_sha256>
DEB [20190303-19:32:14.435] thr=1   paramiko.transport: Switch to new keys ...
DEB [20190303-19:32:14.450] thr=1   paramiko.transport: userauth is OK
INF [20190303-19:32:14.550] thr=1   paramiko.transport: Authentication (password) successful!
DEB [20190303-19:32:14.555] thr=2   paramiko.transport: [chan 0] Max packet in: 32768 bytes
DEB [20190303-19:32:14.727] thr=1   paramiko.transport: Received global request "hostkeys-00@openssh.com"
DEB [20190303-19:32:14.727] thr=1   paramiko.transport: Rejecting "hostkeys-00@openssh.com" global request from server.
DEB [20190303-19:32:14.769] thr=1   paramiko.transport: [chan 0] Max packet out: 32768 bytes
DEB [20190303-19:32:14.769] thr=1   paramiko.transport: Secsh channel 0 opened.
DEB [20190303-19:32:14.776] thr=1   paramiko.transport: [chan 0] Sesch channel 0 request ok
DEB [20190303-19:32:14.800] thr=2   paramiko.transport: [chan 0] EOF sent (0)
DEB [20190303-19:32:14.804] thr=1   paramiko.transport: EOF in transport thread
DEB [20190303-19:32:53.360] thr=1   paramiko.transport: starting thread (client mode): 0x1b656850L
DEB [20190303-19:32:53.360] thr=1   paramiko.transport: Local version/idstring: SSH-2.0-paramiko_2.4.2
DEB [20190303-19:32:53.369] thr=1   paramiko.transport: Remote version/idstring: SSH-2.0-OpenSSH_7.2p2 Ubuntu-4ubuntu2.7
INF [20190303-19:32:53.369] thr=1   paramiko.transport: Connected (version 2.0, client OpenSSH_7.2p2)
DEB [20190303-19:32:53.375] thr=1   paramiko.transport: kex algos:[u'curve25519-sha256@libssh.org', u'ecdh-sha2-nistp256', u'ecdh-sha2-nistp384', u'ecdh-sha2-nistp521', u'diffie-hellman-group-exchange-sha256', u'diffie-hellman-group14-sha1'] server key:[u'ssh-rsa', u'rsa-sha2-512', u'rsa-sha2-256', u'ecdsa-sha2-nistp256', u'ssh-ed25519'] client encrypt:[u'chacha20-poly1305@openssh.com', u'aes128-ctr', u'aes192-ctr', u'aes256-ctr', u'aes128-gcm@openssh.com', u'aes256-gcm@openssh.com'] server encrypt:[u'chacha20-poly1305@openssh.com', u'aes128-ctr', u'aes192-ctr', u'aes256-ctr', u'aes128-gcm@openssh.com', u'aes256-gcm@openssh.com'] client mac:[u'umac-64-etm@openssh.com', u'umac-128-etm@openssh.com', u'hmac-sha2-256-etm@openssh.com', u'hmac-sha2-512-etm@openssh.com', u'hmac-sha1-etm@openssh.com', u'umac-64@openssh.com', u'umac-128@openssh.com', u'hmac-sha2-256', u'hmac-sha2-512', u'hmac-sha1'] server mac:[u'umac-64-etm@openssh.com', u'umac-128-etm@openssh.com', u'hmac-sha2-256-etm@openssh.com', u'hmac-sha2-512-etm@openssh.com', u'hmac-sha1-etm@openssh.com', u'umac-64@openssh.com', u'umac-128@openssh.com', u'hmac-sha2-256', u'hmac-sha2-512', u'hmac-sha1'] client compress:[u'none', u'zlib@openssh.com'] server compress:[u'none', u'zlib@openssh.com'] client lang:[u''] server lang:[u''] kex follows?False
DEB [20190303-19:32:53.375] thr=1   paramiko.transport: Kex agreed: ecdh-sha2-nistp256
DEB [20190303-19:32:53.375] thr=1   paramiko.transport: HostKey agreed: ecdsa-sha2-nistp256
DEB [20190303-19:32:53.375] thr=1   paramiko.transport: Cipher agreed: aes128-ctr
DEB [20190303-19:32:53.375] thr=1   paramiko.transport: MAC agreed: hmac-sha2-256
DEB [20190303-19:32:53.375] thr=1   paramiko.transport: Compression agreed: none
DEB [20190303-19:32:53.387] thr=1   paramiko.transport: kex engine KexNistp256 specified hash_algo <built-in function openssl_sha256>
DEB [20190303-19:32:53.388] thr=1   paramiko.transport: Switch to new keys ...
DEB [20190303-19:32:53.398] thr=1   paramiko.transport: userauth is OK
INF [20190303-19:32:53.572] thr=1   paramiko.transport: Authentication (password) successful!
DEB [20190303-19:32:53.597] thr=2   paramiko.transport: [chan 0] Max packet in: 32768 bytes
DEB [20190303-19:32:53.736] thr=1   paramiko.transport: Received global request "hostkeys-00@openssh.com"
DEB [20190303-19:32:53.736] thr=1   paramiko.transport: Rejecting "hostkeys-00@openssh.com" global request from server.
DEB [20190303-19:32:53.779] thr=1   paramiko.transport: [chan 0] Max packet out: 32768 bytes
DEB [20190303-19:32:53.779] thr=1   paramiko.transport: Secsh channel 0 opened.
DEB [20190303-19:32:53.802] thr=1   paramiko.transport: [chan 0] Sesch channel 0 request ok
DEB [20190303-19:32:53.911] thr=1   paramiko.transport: EOF in transport thread
DEB [20190303-19:33:03.362] thr=1   paramiko.transport: starting thread (client mode): 0x42b9850L
DEB [20190303-19:33:03.362] thr=1   paramiko.transport: Local version/idstring: SSH-2.0-paramiko_2.4.2
DEB [20190303-19:33:03.371] thr=1   paramiko.transport: Remote version/idstring: SSH-2.0-OpenSSH_7.2p2 Ubuntu-4ubuntu2.7
INF [20190303-19:33:03.371] thr=1   paramiko.transport: Connected (version 2.0, client OpenSSH_7.2p2)
DEB [20190303-19:33:03.377] thr=1   paramiko.transport: kex algos:[u'curve25519-sha256@libssh.org', u'ecdh-sha2-nistp256', u'ecdh-sha2-nistp384', u'ecdh-sha2-nistp521', u'diffie-hellman-group-exchange-sha256', u'diffie-hellman-group14-sha1'] server key:[u'ssh-rsa', u'rsa-sha2-512', u'rsa-sha2-256', u'ecdsa-sha2-nistp256', u'ssh-ed25519'] client encrypt:[u'chacha20-poly1305@openssh.com', u'aes128-ctr', u'aes192-ctr', u'aes256-ctr', u'aes128-gcm@openssh.com', u'aes256-gcm@openssh.com'] server encrypt:[u'chacha20-poly1305@openssh.com', u'aes128-ctr', u'aes192-ctr', u'aes256-ctr', u'aes128-gcm@openssh.com', u'aes256-gcm@openssh.com'] client mac:[u'umac-64-etm@openssh.com', u'umac-128-etm@openssh.com', u'hmac-sha2-256-etm@openssh.com', u'hmac-sha2-512-etm@openssh.com', u'hmac-sha1-etm@openssh.com', u'umac-64@openssh.com', u'umac-128@openssh.com', u'hmac-sha2-256', u'hmac-sha2-512', u'hmac-sha1'] server mac:[u'umac-64-etm@openssh.com', u'umac-128-etm@openssh.com', u'hmac-sha2-256-etm@openssh.com', u'hmac-sha2-512-etm@openssh.com', u'hmac-sha1-etm@openssh.com', u'umac-64@openssh.com', u'umac-128@openssh.com', u'hmac-sha2-256', u'hmac-sha2-512', u'hmac-sha1'] client compress:[u'none', u'zlib@openssh.com'] server compress:[u'none', u'zlib@openssh.com'] client lang:[u''] server lang:[u''] kex follows?False
DEB [20190303-19:33:03.377] thr=1   paramiko.transport: Kex agreed: ecdh-sha2-nistp256
DEB [20190303-19:33:03.377] thr=1   paramiko.transport: HostKey agreed: ecdsa-sha2-nistp256
DEB [20190303-19:33:03.377] thr=1   paramiko.transport: Cipher agreed: aes128-ctr
DEB [20190303-19:33:03.377] thr=1   paramiko.transport: MAC agreed: hmac-sha2-256
DEB [20190303-19:33:03.378] thr=1   paramiko.transport: Compression agreed: none
DEB [20190303-19:33:03.389] thr=1   paramiko.transport: kex engine KexNistp256 specified hash_algo <built-in function openssl_sha256>
DEB [20190303-19:33:03.390] thr=1   paramiko.transport: Switch to new keys ...
DEB [20190303-19:33:03.399] thr=1   paramiko.transport: userauth is OK
INF [20190303-19:33:03.457] thr=1   paramiko.transport: Authentication (password) successful!
DEB [20190303-19:33:03.464] thr=2   paramiko.transport: [chan 0] Max packet in: 32768 bytes
DEB [20190303-19:33:03.635] thr=1   paramiko.transport: Received global request "hostkeys-00@openssh.com"
DEB [20190303-19:33:03.635] thr=1   paramiko.transport: Rejecting "hostkeys-00@openssh.com" global request from server.
DEB [20190303-19:33:03.677] thr=1   paramiko.transport: [chan 0] Max packet out: 32768 bytes
DEB [20190303-19:33:03.677] thr=1   paramiko.transport: Secsh channel 0 opened.
DEB [20190303-19:33:03.684] thr=1   paramiko.transport: [chan 0] Sesch channel 0 request ok
DEB [20190303-19:33:03.698] thr=2   paramiko.transport: [chan 0] EOF sent (0)
DEB [20190303-19:33:03.701] thr=1   paramiko.transport: EOF in transport thread
DEB [20190303-19:33:35.720] thr=1   paramiko.transport: starting thread (client mode): 0xe4bf3810L
DEB [20190303-19:33:35.720] thr=1   paramiko.transport: Local version/idstring: SSH-2.0-paramiko_2.4.2
DEB [20190303-19:33:35.792] thr=1   paramiko.transport: Remote version/idstring: SSH-2.0-OpenSSH_7.4p1 Raspbian-10+deb9u5
INF [20190303-19:33:35.792] thr=1   paramiko.transport: Connected (version 2.0, client OpenSSH_7.4p1)
DEB [20190303-19:33:35.798] thr=1   paramiko.transport: kex algos:[u'curve25519-sha256', u'curve25519-sha256@libssh.org', u'ecdh-sha2-nistp256', u'ecdh-sha2-nistp384', u'ecdh-sha2-nistp521', u'diffie-hellman-group-exchange-sha256', u'diffie-hellman-group16-sha512', u'diffie-hellman-group18-sha512', u'diffie-hellman-group14-sha256', u'diffie-hellman-group14-sha1'] server key:[u'ssh-rsa', u'rsa-sha2-512', u'rsa-sha2-256', u'ecdsa-sha2-nistp256', u'ssh-ed25519'] client encrypt:[u'chacha20-poly1305@openssh.com', u'aes128-ctr', u'aes192-ctr', u'aes256-ctr', u'aes128-gcm@openssh.com', u'aes256-gcm@openssh.com'] server encrypt:[u'chacha20-poly1305@openssh.com', u'aes128-ctr', u'aes192-ctr', u'aes256-ctr', u'aes128-gcm@openssh.com', u'aes256-gcm@openssh.com'] client mac:[u'umac-64-etm@openssh.com', u'umac-128-etm@openssh.com', u'hmac-sha2-256-etm@openssh.com', u'hmac-sha2-512-etm@openssh.com', u'hmac-sha1-etm@openssh.com', u'umac-64@openssh.com', u'umac-128@openssh.com', u'hmac-sha2-256', u'hmac-sha2-512', u'hmac-sha1'] server mac:[u'umac-64-etm@openssh.com', u'umac-128-etm@openssh.com', u'hmac-sha2-256-etm@openssh.com', u'hmac-sha2-512-etm@openssh.com', u'hmac-sha1-etm@openssh.com', u'umac-64@openssh.com', u'umac-128@openssh.com', u'hmac-sha2-256', u'hmac-sha2-512', u'hmac-sha1'] client compress:[u'none', u'zlib@openssh.com'] server compress:[u'none', u'zlib@openssh.com'] client lang:[u''] server lang:[u''] kex follows?False
DEB [20190303-19:33:35.798] thr=1   paramiko.transport: Kex agreed: ecdh-sha2-nistp256
DEB [20190303-19:33:35.798] thr=1   paramiko.transport: HostKey agreed: ecdsa-sha2-nistp256
DEB [20190303-19:33:35.798] thr=1   paramiko.transport: Cipher agreed: aes128-ctr
DEB [20190303-19:33:35.798] thr=1   paramiko.transport: MAC agreed: hmac-sha2-256
DEB [20190303-19:33:35.798] thr=1   paramiko.transport: Compression agreed: none
DEB [20190303-19:33:35.842] thr=1   paramiko.transport: kex engine KexNistp256 specified hash_algo <built-in function openssl_sha256>
DEB [20190303-19:33:35.843] thr=1   paramiko.transport: Switch to new keys ...
DEB [20190303-19:33:35.854] thr=1   paramiko.transport: userauth is OK
INF [20190303-19:33:36.079] thr=1   paramiko.transport: Authentication (password) successful!
DEB [20190303-19:33:36.086] thr=2   paramiko.transport: [chan 0] Max packet in: 32768 bytes
DEB [20190303-19:33:36.302] thr=1   paramiko.transport: Received global request "hostkeys-00@openssh.com"
DEB [20190303-19:33:36.302] thr=1   paramiko.transport: Rejecting "hostkeys-00@openssh.com" global request from server.
DEB [20190303-19:33:36.345] thr=1   paramiko.transport: [chan 0] Max packet out: 32768 bytes
DEB [20190303-19:33:36.345] thr=1   paramiko.transport: Secsh channel 0 opened.
DEB [20190303-19:33:36.378] thr=1   paramiko.transport: [chan 0] Sesch channel 0 request ok
DEB [20190303-19:33:36.404] thr=2   paramiko.transport: [chan 0] EOF sent (0)
DEB [20190303-19:33:36.408] thr=1   paramiko.transport: EOF in transport thread
DEB [20190303-20:18:20.142] thr=1   paramiko.transport: starting thread (client mode): 0x87657810L
DEB [20190303-20:18:20.144] thr=1   paramiko.transport: Local version/idstring: SSH-2.0-paramiko_2.4.2
DEB [20190303-20:18:20.214] thr=1   paramiko.transport: Remote version/idstring: SSH-2.0-OpenSSH_7.4p1 Raspbian-10+deb9u5
INF [20190303-20:18:20.214] thr=1   paramiko.transport: Connected (version 2.0, client OpenSSH_7.4p1)
DEB [20190303-20:18:20.221] thr=1   paramiko.transport: kex algos:[u'curve25519-sha256', u'curve25519-sha256@libssh.org', u'ecdh-sha2-nistp256', u'ecdh-sha2-nistp384', u'ecdh-sha2-nistp521', u'diffie-hellman-group-exchange-sha256', u'diffie-hellman-group16-sha512', u'diffie-hellman-group18-sha512', u'diffie-hellman-group14-sha256', u'diffie-hellman-group14-sha1'] server key:[u'ssh-rsa', u'rsa-sha2-512', u'rsa-sha2-256', u'ecdsa-sha2-nistp256', u'ssh-ed25519'] client encrypt:[u'chacha20-poly1305@openssh.com', u'aes128-ctr', u'aes192-ctr', u'aes256-ctr', u'aes128-gcm@openssh.com', u'aes256-gcm@openssh.com'] server encrypt:[u'chacha20-poly1305@openssh.com', u'aes128-ctr', u'aes192-ctr', u'aes256-ctr', u'aes128-gcm@openssh.com', u'aes256-gcm@openssh.com'] client mac:[u'umac-64-etm@openssh.com', u'umac-128-etm@openssh.com', u'hmac-sha2-256-etm@openssh.com', u'hmac-sha2-512-etm@openssh.com', u'hmac-sha1-etm@openssh.com', u'umac-64@openssh.com', u'umac-128@openssh.com', u'hmac-sha2-256', u'hmac-sha2-512', u'hmac-sha1'] server mac:[u'umac-64-etm@openssh.com', u'umac-128-etm@openssh.com', u'hmac-sha2-256-etm@openssh.com', u'hmac-sha2-512-etm@openssh.com', u'hmac-sha1-etm@openssh.com', u'umac-64@openssh.com', u'umac-128@openssh.com', u'hmac-sha2-256', u'hmac-sha2-512', u'hmac-sha1'] client compress:[u'none', u'zlib@openssh.com'] server compress:[u'none', u'zlib@openssh.com'] client lang:[u''] server lang:[u''] kex follows?False
DEB [20190303-20:18:20.221] thr=1   paramiko.transport: Kex agreed: ecdh-sha2-nistp256
DEB [20190303-20:18:20.221] thr=1   paramiko.transport: HostKey agreed: ecdsa-sha2-nistp256
DEB [20190303-20:18:20.221] thr=1   paramiko.transport: Cipher agreed: aes128-ctr
DEB [20190303-20:18:20.221] thr=1   paramiko.transport: MAC agreed: hmac-sha2-256
DEB [20190303-20:18:20.221] thr=1   paramiko.transport: Compression agreed: none
DEB [20190303-20:18:20.268] thr=1   paramiko.transport: kex engine KexNistp256 specified hash_algo <built-in function openssl_sha256>
DEB [20190303-20:18:20.269] thr=1   paramiko.transport: Switch to new keys ...
DEB [20190303-20:18:20.303] thr=1   paramiko.transport: userauth is OK
INF [20190303-20:18:20.478] thr=1   paramiko.transport: Authentication (password) successful!
DEB [20190303-20:18:20.503] thr=2   paramiko.transport: [chan 0] Max packet in: 32768 bytes
DEB [20190303-20:18:20.701] thr=1   paramiko.transport: Received global request "hostkeys-00@openssh.com"
DEB [20190303-20:18:20.701] thr=1   paramiko.transport: Rejecting "hostkeys-00@openssh.com" global request from server.
DEB [20190303-20:18:20.745] thr=1   paramiko.transport: [chan 0] Max packet out: 32768 bytes
DEB [20190303-20:18:20.745] thr=1   paramiko.transport: Secsh channel 0 opened.
DEB [20190303-20:18:20.781] thr=1   paramiko.transport: [chan 0] Sesch channel 0 request ok
DEB [20190303-20:18:20.798] thr=2   paramiko.transport: [chan 0] EOF sent (0)
DEB [20190303-20:18:20.801] thr=1   paramiko.transport: EOF in transport thread
DEB [20190303-20:19:18.270] thr=1   paramiko.transport: starting thread (client mode): 0x49497810L
DEB [20190303-20:19:18.271] thr=1   paramiko.transport: Local version/idstring: SSH-2.0-paramiko_2.4.2
DEB [20190303-20:19:18.343] thr=1   paramiko.transport: Remote version/idstring: SSH-2.0-OpenSSH_7.4p1 Raspbian-10+deb9u5
INF [20190303-20:19:18.343] thr=1   paramiko.transport: Connected (version 2.0, client OpenSSH_7.4p1)
DEB [20190303-20:19:18.349] thr=1   paramiko.transport: kex algos:[u'curve25519-sha256', u'curve25519-sha256@libssh.org', u'ecdh-sha2-nistp256', u'ecdh-sha2-nistp384', u'ecdh-sha2-nistp521', u'diffie-hellman-group-exchange-sha256', u'diffie-hellman-group16-sha512', u'diffie-hellman-group18-sha512', u'diffie-hellman-group14-sha256', u'diffie-hellman-group14-sha1'] server key:[u'ssh-rsa', u'rsa-sha2-512', u'rsa-sha2-256', u'ecdsa-sha2-nistp256', u'ssh-ed25519'] client encrypt:[u'chacha20-poly1305@openssh.com', u'aes128-ctr', u'aes192-ctr', u'aes256-ctr', u'aes128-gcm@openssh.com', u'aes256-gcm@openssh.com'] server encrypt:[u'chacha20-poly1305@openssh.com', u'aes128-ctr', u'aes192-ctr', u'aes256-ctr', u'aes128-gcm@openssh.com', u'aes256-gcm@openssh.com'] client mac:[u'umac-64-etm@openssh.com', u'umac-128-etm@openssh.com', u'hmac-sha2-256-etm@openssh.com', u'hmac-sha2-512-etm@openssh.com', u'hmac-sha1-etm@openssh.com', u'umac-64@openssh.com', u'umac-128@openssh.com', u'hmac-sha2-256', u'hmac-sha2-512', u'hmac-sha1'] server mac:[u'umac-64-etm@openssh.com', u'umac-128-etm@openssh.com', u'hmac-sha2-256-etm@openssh.com', u'hmac-sha2-512-etm@openssh.com', u'hmac-sha1-etm@openssh.com', u'umac-64@openssh.com', u'umac-128@openssh.com', u'hmac-sha2-256', u'hmac-sha2-512', u'hmac-sha1'] client compress:[u'none', u'zlib@openssh.com'] server compress:[u'none', u'zlib@openssh.com'] client lang:[u''] server lang:[u''] kex follows?False
DEB [20190303-20:19:18.349] thr=1   paramiko.transport: Kex agreed: ecdh-sha2-nistp256
DEB [20190303-20:19:18.349] thr=1   paramiko.transport: HostKey agreed: ecdsa-sha2-nistp256
DEB [20190303-20:19:18.349] thr=1   paramiko.transport: Cipher agreed: aes128-ctr
DEB [20190303-20:19:18.350] thr=1   paramiko.transport: MAC agreed: hmac-sha2-256
DEB [20190303-20:19:18.350] thr=1   paramiko.transport: Compression agreed: none
DEB [20190303-20:19:18.380] thr=1   paramiko.transport: kex engine KexNistp256 specified hash_algo <built-in function openssl_sha256>
DEB [20190303-20:19:18.381] thr=1   paramiko.transport: Switch to new keys ...
DEB [20190303-20:19:18.385] thr=1   paramiko.transport: userauth is OK
INF [20190303-20:19:18.539] thr=1   paramiko.transport: Authentication (password) successful!
DEB [20190303-20:19:18.554] thr=2   paramiko.transport: [chan 0] Max packet in: 32768 bytes
DEB [20190303-20:19:18.613] thr=1   paramiko.transport: Received global request "hostkeys-00@openssh.com"
DEB [20190303-20:19:18.613] thr=1   paramiko.transport: Rejecting "hostkeys-00@openssh.com" global request from server.
DEB [20190303-20:19:18.655] thr=1   paramiko.transport: [chan 0] Max packet out: 32768 bytes
DEB [20190303-20:19:18.656] thr=1   paramiko.transport: Secsh channel 0 opened.
DEB [20190303-20:19:18.662] thr=1   paramiko.transport: [chan 0] Sesch channel 0 request ok
DEB [20190303-20:19:18.680] thr=2   paramiko.transport: [chan 0] EOF sent (0)
DEB [20190303-20:19:18.684] thr=1   paramiko.transport: EOF in transport thread
DEB [20190305-15:03:24.460] thr=1   paramiko.transport: starting thread (client mode): 0xa49dd2e8
DEB [20190305-15:03:24.463] thr=1   paramiko.transport: Local version/idstring: SSH-2.0-paramiko_2.4.2
DEB [20190305-15:03:24.516] thr=1   paramiko.transport: Remote version/idstring: SSH-2.0-OpenSSH_7.4p1 Raspbian-10+deb9u5
INF [20190305-15:03:24.517] thr=1   paramiko.transport: Connected (version 2.0, client OpenSSH_7.4p1)
DEB [20190305-15:03:24.531] thr=1   paramiko.transport: kex algos:['curve25519-sha256', 'curve25519-sha256@libssh.org', 'ecdh-sha2-nistp256', 'ecdh-sha2-nistp384', 'ecdh-sha2-nistp521', 'diffie-hellman-group-exchange-sha256', 'diffie-hellman-group16-sha512', 'diffie-hellman-group18-sha512', 'diffie-hellman-group14-sha256', 'diffie-hellman-group14-sha1'] server key:['ssh-rsa', 'rsa-sha2-512', 'rsa-sha2-256', 'ecdsa-sha2-nistp256', 'ssh-ed25519'] client encrypt:['chacha20-poly1305@openssh.com', 'aes128-ctr', 'aes192-ctr', 'aes256-ctr', 'aes128-gcm@openssh.com', 'aes256-gcm@openssh.com'] server encrypt:['chacha20-poly1305@openssh.com', 'aes128-ctr', 'aes192-ctr', 'aes256-ctr', 'aes128-gcm@openssh.com', 'aes256-gcm@openssh.com'] client mac:['umac-64-etm@openssh.com', 'umac-128-etm@openssh.com', 'hmac-sha2-256-etm@openssh.com', 'hmac-sha2-512-etm@openssh.com', 'hmac-sha1-etm@openssh.com', 'umac-64@openssh.com', 'umac-128@openssh.com', 'hmac-sha2-256', 'hmac-sha2-512', 'hmac-sha1'] server mac:['umac-64-etm@openssh.com', 'umac-128-etm@openssh.com', 'hmac-sha2-256-etm@openssh.com', 'hmac-sha2-512-etm@openssh.com', 'hmac-sha1-etm@openssh.com', 'umac-64@openssh.com', 'umac-128@openssh.com', 'hmac-sha2-256', 'hmac-sha2-512', 'hmac-sha1'] client compress:['none', 'zlib@openssh.com'] server compress:['none', 'zlib@openssh.com'] client lang:[''] server lang:[''] kex follows?False
DEB [20190305-15:03:24.532] thr=1   paramiko.transport: Kex agreed: ecdh-sha2-nistp256
DEB [20190305-15:03:24.532] thr=1   paramiko.transport: HostKey agreed: ecdsa-sha2-nistp256
DEB [20190305-15:03:24.533] thr=1   paramiko.transport: Cipher agreed: aes128-ctr
DEB [20190305-15:03:24.533] thr=1   paramiko.transport: MAC agreed: hmac-sha2-256
DEB [20190305-15:03:24.533] thr=1   paramiko.transport: Compression agreed: none
DEB [20190305-15:03:24.598] thr=1   paramiko.transport: kex engine KexNistp256 specified hash_algo <built-in function openssl_sha256>
DEB [20190305-15:03:24.601] thr=1   paramiko.transport: Switch to new keys ...
DEB [20190305-15:03:24.641] thr=1   paramiko.transport: userauth is OK
INF [20190305-15:03:24.949] thr=1   paramiko.transport: Authentication (password) successful!
DEB [20190305-15:03:24.951] thr=2   paramiko.transport: [chan 0] Max packet in: 32768 bytes
DEB [20190305-15:03:25.233] thr=1   paramiko.transport: Received global request "hostkeys-00@openssh.com"
DEB [20190305-15:03:25.234] thr=1   paramiko.transport: Rejecting "hostkeys-00@openssh.com" global request from server.
DEB [20190305-15:03:25.278] thr=1   paramiko.transport: [chan 0] Max packet out: 32768 bytes
DEB [20190305-15:03:25.278] thr=1   paramiko.transport: Secsh channel 0 opened.
DEB [20190305-15:03:25.299] thr=1   paramiko.transport: [chan 0] Sesch channel 0 request ok
DEB [20190305-15:03:25.352] thr=2   paramiko.transport: [chan 0] EOF sent (0)
DEB [20190305-15:20:34.054] thr=1   paramiko.transport: starting thread (client mode): 0xa4f21a20
DEB [20190305-15:20:34.055] thr=1   paramiko.transport: Local version/idstring: SSH-2.0-paramiko_2.4.2
DEB [20190305-15:20:34.128] thr=1   paramiko.transport: Remote version/idstring: SSH-2.0-OpenSSH_7.4p1 Raspbian-10+deb9u5
INF [20190305-15:20:34.128] thr=1   paramiko.transport: Connected (version 2.0, client OpenSSH_7.4p1)
DEB [20190305-15:20:34.162] thr=1   paramiko.transport: kex algos:['curve25519-sha256', 'curve25519-sha256@libssh.org', 'ecdh-sha2-nistp256', 'ecdh-sha2-nistp384', 'ecdh-sha2-nistp521', 'diffie-hellman-group-exchange-sha256', 'diffie-hellman-group16-sha512', 'diffie-hellman-group18-sha512', 'diffie-hellman-group14-sha256', 'diffie-hellman-group14-sha1'] server key:['ssh-rsa', 'rsa-sha2-512', 'rsa-sha2-256', 'ecdsa-sha2-nistp256', 'ssh-ed25519'] client encrypt:['chacha20-poly1305@openssh.com', 'aes128-ctr', 'aes192-ctr', 'aes256-ctr', 'aes128-gcm@openssh.com', 'aes256-gcm@openssh.com'] server encrypt:['chacha20-poly1305@openssh.com', 'aes128-ctr', 'aes192-ctr', 'aes256-ctr', 'aes128-gcm@openssh.com', 'aes256-gcm@openssh.com'] client mac:['umac-64-etm@openssh.com', 'umac-128-etm@openssh.com', 'hmac-sha2-256-etm@openssh.com', 'hmac-sha2-512-etm@openssh.com', 'hmac-sha1-etm@openssh.com', 'umac-64@openssh.com', 'umac-128@openssh.com', 'hmac-sha2-256', 'hmac-sha2-512', 'hmac-sha1'] server mac:['umac-64-etm@openssh.com', 'umac-128-etm@openssh.com', 'hmac-sha2-256-etm@openssh.com', 'hmac-sha2-512-etm@openssh.com', 'hmac-sha1-etm@openssh.com', 'umac-64@openssh.com', 'umac-128@openssh.com', 'hmac-sha2-256', 'hmac-sha2-512', 'hmac-sha1'] client compress:['none', 'zlib@openssh.com'] server compress:['none', 'zlib@openssh.com'] client lang:[''] server lang:[''] kex follows?False
DEB [20190305-15:20:34.163] thr=1   paramiko.transport: Kex agreed: ecdh-sha2-nistp256
DEB [20190305-15:20:34.163] thr=1   paramiko.transport: HostKey agreed: ecdsa-sha2-nistp256
DEB [20190305-15:20:34.163] thr=1   paramiko.transport: Cipher agreed: aes128-ctr
DEB [20190305-15:20:34.163] thr=1   paramiko.transport: MAC agreed: hmac-sha2-256
DEB [20190305-15:20:34.163] thr=1   paramiko.transport: Compression agreed: none
DEB [20190305-15:20:34.197] thr=1   paramiko.transport: kex engine KexNistp256 specified hash_algo <built-in function openssl_sha256>
DEB [20190305-15:20:34.197] thr=1   paramiko.transport: Switch to new keys ...
DEB [20190305-15:20:34.209] thr=1   paramiko.transport: userauth is OK
INF [20190305-15:20:34.440] thr=1   paramiko.transport: Authentication (password) successful!
DEB [20190305-15:20:34.441] thr=2   paramiko.transport: [chan 0] Max packet in: 32768 bytes
DEB [20190305-15:20:34.696] thr=1   paramiko.transport: Received global request "hostkeys-00@openssh.com"
DEB [20190305-15:20:34.697] thr=1   paramiko.transport: Rejecting "hostkeys-00@openssh.com" global request from server.
DEB [20190305-15:20:34.740] thr=1   paramiko.transport: [chan 0] Max packet out: 32768 bytes
DEB [20190305-15:20:34.740] thr=1   paramiko.transport: Secsh channel 0 opened.
DEB [20190305-15:20:34.748] thr=1   paramiko.transport: [chan 0] Sesch channel 0 request ok
DEB [20190305-15:20:34.780] thr=2   paramiko.transport: [chan 0] EOF sent (0)
DEB [20190305-15:37:33.422] thr=1   paramiko.transport: starting thread (client mode): 0x800fc198
DEB [20190305-15:37:33.422] thr=1   paramiko.transport: Local version/idstring: SSH-2.0-paramiko_2.4.2
DEB [20190305-15:37:33.805] thr=1   paramiko.transport: Remote version/idstring: SSH-2.0-OpenSSH_7.4p1 Raspbian-10+deb9u5
INF [20190305-15:37:33.806] thr=1   paramiko.transport: Connected (version 2.0, client OpenSSH_7.4p1)
DEB [20190305-15:37:33.809] thr=1   paramiko.transport: kex algos:['curve25519-sha256', 'curve25519-sha256@libssh.org', 'ecdh-sha2-nistp256', 'ecdh-sha2-nistp384', 'ecdh-sha2-nistp521', 'diffie-hellman-group-exchange-sha256', 'diffie-hellman-group16-sha512', 'diffie-hellman-group18-sha512', 'diffie-hellman-group14-sha256', 'diffie-hellman-group14-sha1'] server key:['ssh-rsa', 'rsa-sha2-512', 'rsa-sha2-256', 'ecdsa-sha2-nistp256', 'ssh-ed25519'] client encrypt:['chacha20-poly1305@openssh.com', 'aes128-ctr', 'aes192-ctr', 'aes256-ctr', 'aes128-gcm@openssh.com', 'aes256-gcm@openssh.com'] server encrypt:['chacha20-poly1305@openssh.com', 'aes128-ctr', 'aes192-ctr', 'aes256-ctr', 'aes128-gcm@openssh.com', 'aes256-gcm@openssh.com'] client mac:['umac-64-etm@openssh.com', 'umac-128-etm@openssh.com', 'hmac-sha2-256-etm@openssh.com', 'hmac-sha2-512-etm@openssh.com', 'hmac-sha1-etm@openssh.com', 'umac-64@openssh.com', 'umac-128@openssh.com', 'hmac-sha2-256', 'hmac-sha2-512', 'hmac-sha1'] server mac:['umac-64-etm@openssh.com', 'umac-128-etm@openssh.com', 'hmac-sha2-256-etm@openssh.com', 'hmac-sha2-512-etm@openssh.com', 'hmac-sha1-etm@openssh.com', 'umac-64@openssh.com', 'umac-128@openssh.com', 'hmac-sha2-256', 'hmac-sha2-512', 'hmac-sha1'] client compress:['none', 'zlib@openssh.com'] server compress:['none', 'zlib@openssh.com'] client lang:[''] server lang:[''] kex follows?False
DEB [20190305-15:37:33.810] thr=1   paramiko.transport: Kex agreed: ecdh-sha2-nistp256
DEB [20190305-15:37:33.810] thr=1   paramiko.transport: HostKey agreed: ecdsa-sha2-nistp256
DEB [20190305-15:37:33.811] thr=1   paramiko.transport: Cipher agreed: aes128-ctr
DEB [20190305-15:37:33.811] thr=1   paramiko.transport: MAC agreed: hmac-sha2-256
DEB [20190305-15:37:33.812] thr=1   paramiko.transport: Compression agreed: none
DEB [20190305-15:37:33.872] thr=1   paramiko.transport: kex engine KexNistp256 specified hash_algo <built-in function openssl_sha256>
DEB [20190305-15:37:33.873] thr=1   paramiko.transport: Switch to new keys ...
DEB [20190305-15:37:33.886] thr=1   paramiko.transport: userauth is OK
INF [20190305-15:37:34.221] thr=1   paramiko.transport: Authentication (password) successful!
DEB [20190305-15:37:34.223] thr=2   paramiko.transport: [chan 0] Max packet in: 32768 bytes
DEB [20190305-15:37:34.431] thr=1   paramiko.transport: Received global request "hostkeys-00@openssh.com"
DEB [20190305-15:37:34.432] thr=1   paramiko.transport: Rejecting "hostkeys-00@openssh.com" global request from server.
DEB [20190305-15:37:34.478] thr=1   paramiko.transport: [chan 0] Max packet out: 32768 bytes
DEB [20190305-15:37:34.479] thr=1   paramiko.transport: Secsh channel 0 opened.
DEB [20190305-15:37:34.790] thr=1   paramiko.transport: [chan 0] Sesch channel 0 request ok
DEB [20190305-15:37:35.139] thr=2   paramiko.transport: [chan 0] EOF sent (0)
